\BOOKMARK [1][-]{section.1}{\376\377\000I\000n\000t\000r\000o\000d\000u\000c\000t\000i\000o\000n}{}% 1
\BOOKMARK [1][-]{section.2}{\376\377\000R\000e\000v\000i\000e\000w\000\040\000o\000f\000\040\000B\000C\000F\000W\000\040\000r\000e\000c\000u\000r\000s\000i\000o\000n\000\040\000r\000e\000l\000a\000t\000i\000o\000n\000\040\000a\000n\000d\000\040\000o\000t\000h\000e\000r\000s}{}% 2
\BOOKMARK [2][-]{subsection.2.1}{\376\377\000S\000p\000i\000n\000o\000r\000-\000H\000e\000l\000i\000c\000i\000t\000y\000\040\000F\000o\000r\000m\000a\000l\000i\000s\000i\000m\000\040\000f\000o\000r\000\040\000M\000a\000s\000s\000l\000e\000s\000s\000\040\000P\000a\000r\000t\000i\000c\000l\000e\000s}{section.2}% 3
\BOOKMARK [3][-]{subsubsection.2.1.1}{\376\377\000B\000r\000i\000e\000f\000\040\000i\000n\000t\000r\000o\000d\000u\000c\000t\000i\000o\000n\000\040\000o\000f\000\040\000s\000p\000i\000n\000o\000r\000-\000h\000e\000l\000i\000c\000i\000t\000y\000\040\000f\000o\000r\000m\000a\000l\000i\000s\000m}{subsection.2.1}% 4
\BOOKMARK [3][-]{subsubsection.2.1.2}{\376\377\000Y\000a\000n\000g\000-\000M\000i\000l\000l\000s\000\040\000a\000n\000d\000\040\000C\000o\000l\000o\000r\000-\000o\000r\000d\000e\000r\000i\000n\000g}{subsection.2.1}% 5
\BOOKMARK [2][-]{subsection.2.2}{\376\377\000L\000i\000t\000t\000l\000e\000\040\000g\000r\000o\000u\000p\000\040\000s\000c\000a\000l\000l\000i\000n\000g}{section.2}% 6
\BOOKMARK [2][-]{subsection.2.3}{\376\377\000M\000H\000V\000\040\000C\000l\000a\000s\000s\000i\000f\000i\000c\000a\000t\000i\000o\000n}{section.2}% 7
\BOOKMARK [2][-]{subsection.2.4}{\376\377\000B\000C\000F\000W\000\040\000r\000e\000c\000u\000r\000s\000i\000o\000n\000\040\000r\000e\000l\000a\000t\000i\000o\000n}{section.2}% 8
\BOOKMARK [3][-]{subsubsection.2.4.1}{\376\377\000C\000o\000m\000p\000l\000e\000x\000\040\000s\000h\000i\000f\000t\000\040\000a\000n\000d\000\040\000R\000e\000l\000a\000t\000i\000o\000n\000\040\000f\000r\000o\000m\000\040\000S\000i\000m\000p\000l\000e\000\040\000C\000a\000u\000c\000h\000y\000'\000s\000\040\000T\000h\000e\000o\000r\000e\000m}{subsection.2.4}% 9
\BOOKMARK [3][-]{subsubsection.2.4.2}{\376\377\000B\000C\000F\000W\000\040\000r\000e\000c\000u\000r\000s\000i\000o\000n\000\040\000r\000e\000l\000a\000t\000i\000o\000n}{subsection.2.4}% 10
\BOOKMARK [1][-]{section.3}{\376\377\000\050\000D\000e\000\051\000C\000o\000n\000s\000t\000r\000u\000c\000t\000e\000d\000\040\000G\000a\000u\000g\000e\000\040\000T\000h\000e\000o\000r\000y}{}% 11
\BOOKMARK [2][-]{subsection.3.1}{\376\377\000M\000o\000t\000i\000v\000a\000t\000i\000o\000n}{section.3}% 12
\BOOKMARK [2][-]{subsection.3.2}{\376\377\000S\000U\000\050\000m\000\051\000S\000U\000\050\000n\000\051\000\040\000M\000o\000o\000s\000e}{section.3}% 13
\BOOKMARK [1][-]{section.4}{\376\377\000S\000c\000a\000t\000t\000e\000r\000i\000n\000g\000\040\000a\000m\000p\000l\000i\000y\000u\000d\000e\000s\000\040\000i\000n\000\040\0002\000-\000s\000i\000t\000e\000\040\000m\000o\000d\000e\000l}{}% 14
\BOOKMARK [2][-]{subsection.4.1}{\376\377\0003\000-\000p\000o\000i\000n\000t\000\040\000b\000u\000i\000l\000d\000i\000n\000g\000\040\000b\000l\000o\000c\000k}{section.4}% 15
\BOOKMARK [2][-]{subsection.4.2}{\376\377\000G\000a\000u\000g\000e\000\040\000b\000o\000s\000o\000n\000\040\000s\000e\000c\000t\000o\000r}{section.4}% 16
\BOOKMARK [2][-]{subsection.4.3}{\376\377\000S\000Q\000C\000D\000\040\000l\000i\000k\000e\000\040\000s\000e\000c\000t\000o\000r}{section.4}% 17
\BOOKMARK [3][-]{subsubsection.4.3.1}{\376\377\0004\000-\000p\000o\000i\000n\000t\000\040\000c\000a\000s\000e}{subsection.4.3}% 18
\BOOKMARK [3][-]{subsubsection.4.3.2}{\376\377\0005\000-\000p\000o\000i\000n\000t\000\040\000c\000a\000s\000e}{subsection.4.3}% 19
\BOOKMARK [3][-]{subsubsection.4.3.3}{\376\377\0006\000\040\000-\000\040\000p\000o\000i\000n\000t\000\040\000c\000a\000s\000e}{subsection.4.3}% 20
\BOOKMARK [3][-]{subsubsection.4.3.4}{\376\377\000n\000-\000p\000o\000i\000n\000t\000\040\000c\000a\000s\000e}{subsection.4.3}% 21
\BOOKMARK [2][-]{subsection.4.4}{\376\377\000P\000u\000r\000e\000\040\0002\000-\000s\000i\000t\000e\000\040\000s\000e\000c\000t\000o\000r}{section.4}% 22
\BOOKMARK [3][-]{subsubsection.4.4.1}{\376\377\0004\000-\000p\000o\000i\000n\000t\000\040\000c\000a\000s\000e}{subsection.4.4}% 23
\BOOKMARK [3][-]{subsubsection.4.4.2}{\376\377\0005\000-\000p\000o\000i\000n\000t\000\040\000c\000a\000s\000e}{subsection.4.4}% 24
\BOOKMARK [3][-]{subsubsection.4.4.3}{\376\377\0006\000-\000p\000o\000i\000n\000t\000\040\000c\000a\000s\000e}{subsection.4.4}% 25
\BOOKMARK [3][-]{subsubsection.4.4.4}{\376\377\000n\000-\000p\000o\000i\000n\000t\000\040\000c\000a\000s\000e}{subsection.4.4}% 26
\BOOKMARK [2][-]{subsection.4.5}{\376\377\000P\000u\000r\000e\000\040\000s\000c\000a\000l\000a\000r\000\040\000c\000a\000s\000e}{section.4}% 27
\BOOKMARK [2][-]{subsection.4.6}{\376\377\000A\000t\000t\000e\000m\000p\000t\000\040\000t\000o\000\040\000m\000a\000s\000s\000i\000v\000e\000\040\000s\000c\000a\000l\000a\000r}{section.4}% 28
\BOOKMARK [1][-]{section.5}{\376\377\000S\000u\000m\000m\000a\000r\000y\000\040\000a\000n\000d\000\040\000O\000u\000t\000l\000o\000o\000k}{}% 29
\BOOKMARK [1][-]{appendix.A}{\376\377\000C\000o\000n\000v\000e\000n\000t\000i\000o\000n\000s}{}% 30
\BOOKMARK [1][-]{appendix.B}{\376\377\000P\000o\000l\000a\000r\000i\000z\000a\000t\000i\000o\000n\000\040\000V\000e\000c\000t\000o\000r\000s}{}% 31
\BOOKMARK [1][-]{equation.B.2}{\376\377\000R\000e\000f\000e\000r\000e\000n\000c\000e\000s}{}% 32
