This is XeTeX, Version 3.141592653-2.6-0.999996 (TeX Live 2024) (preloaded format=xelatex 2024.6.17)  1 JUN 2025 22:06
entering extended mode
 restricted \write18 enabled.
 file:line:error style messages enabled.
 %&-line parsing enabled.
**thesis
(./thesis.tex
LaTeX2e <2024-06-01> patch level 1
L3 programming layer <2024-05-27>
(d:/texlive/2024/texmf-dist/tex/latex/base/article.cls
Document Class: article 2024/02/08 v1.4n Standard LaTeX document class
(d:/texlive/2024/texmf-dist/tex/latex/base/size12.clo
File: size12.clo 2024/02/08 v1.4n Standard LaTeX file (size option)
)
\c@part=\count190
\c@section=\count191
\c@subsection=\count192
\c@subsubsection=\count193
\c@paragraph=\count194
\c@subparagraph=\count195
\c@figure=\count196
\c@table=\count197
\abovecaptionskip=\skip49
\belowcaptionskip=\skip50
\bibindent=\dimen141
) (d:/texlive/2024/texmf-dist/tex/latex/geometry/geometry.sty
Package: geometry 2020/01/02 v5.9 Page Geometry
 (d:/texlive/2024/texmf-dist/tex/latex/graphics/keyval.sty
Package: keyval 2022/05/29 v1.15 key=value parser (DPC)
\KV@toks@=\toks17
) (d:/texlive/2024/texmf-dist/tex/generic/iftex/ifvtex.sty
Package: ifvtex 2019/10/25 v1.7 ifvtex legacy package. Use iftex instead.
 (d:/texlive/2024/texmf-dist/tex/generic/iftex/iftex.sty
Package: iftex 2022/02/03 v1.0f TeX engine tests
))
\Gm@cnth=\count198
\Gm@cntv=\count199
\c@Gm@tempcnt=\count266
\Gm@bindingoffset=\dimen142
\Gm@wd@mp=\dimen143
\Gm@odd@mp=\dimen144
\Gm@even@mp=\dimen145
\Gm@layoutwidth=\dimen146
\Gm@layoutheight=\dimen147
\Gm@layouthoffset=\dimen148
\Gm@layoutvoffset=\dimen149
\Gm@dimlist=\toks18
) (d:/texlive/2024/texmf-dist/tex/latex/amsmath/amsmath.sty
Package: amsmath 2024/05/23 v2.17q AMS math features
\@mathmargin=\skip51

For additional information on amsmath, use the `?' option.
(d:/texlive/2024/texmf-dist/tex/latex/amsmath/amstext.sty
Package: amstext 2021/08/26 v2.01 AMS text
 (d:/texlive/2024/texmf-dist/tex/latex/amsmath/amsgen.sty
File: amsgen.sty 1999/11/30 v2.0 generic functions
\@emptytoks=\toks19
\ex@=\dimen150
)) (d:/texlive/2024/texmf-dist/tex/latex/amsmath/amsbsy.sty
Package: amsbsy 1999/11/29 v1.2d Bold Symbols
\pmbraise@=\dimen151
) (d:/texlive/2024/texmf-dist/tex/latex/amsmath/amsopn.sty
Package: amsopn 2022/04/08 v2.04 operator names
)
\inf@bad=\count267
LaTeX Info: Redefining \frac on input line 233.
\uproot@=\count268
\leftroot@=\count269
LaTeX Info: Redefining \overline on input line 398.
LaTeX Info: Redefining \colon on input line 409.
\classnum@=\count270
\DOTSCASE@=\count271
LaTeX Info: Redefining \ldots on input line 495.
LaTeX Info: Redefining \dots on input line 498.
LaTeX Info: Redefining \cdots on input line 619.
\Mathstrutbox@=\box52
\strutbox@=\box53
LaTeX Info: Redefining \big on input line 721.
LaTeX Info: Redefining \Big on input line 722.
LaTeX Info: Redefining \bigg on input line 723.
LaTeX Info: Redefining \Bigg on input line 724.
\big@size=\dimen152
LaTeX Font Info:    Redeclaring font encoding OML on input line 742.
LaTeX Font Info:    Redeclaring font encoding OMS on input line 743.
\macc@depth=\count272
LaTeX Info: Redefining \bmod on input line 904.
LaTeX Info: Redefining \pmod on input line 909.
LaTeX Info: Redefining \smash on input line 939.
LaTeX Info: Redefining \relbar on input line 969.
LaTeX Info: Redefining \Relbar on input line 970.
\c@MaxMatrixCols=\count273
\dotsspace@=\muskip17
\c@parentequation=\count274
\dspbrk@lvl=\count275
\tag@help=\toks20
\row@=\count276
\column@=\count277
\maxfields@=\count278
\andhelp@=\toks21
\eqnshift@=\dimen153
\alignsep@=\dimen154
\tagshift@=\dimen155
\tagwidth@=\dimen156
\totwidth@=\dimen157
\lineht@=\dimen158
\@envbody=\toks22
\multlinegap=\skip52
\multlinetaggap=\skip53
\mathdisplay@stack=\toks23
LaTeX Info: Redefining \[ on input line 2953.
LaTeX Info: Redefining \] on input line 2954.
) (d:/texlive/2024/texmf-dist/tex/latex/amsfonts/amssymb.sty
Package: amssymb 2013/01/14 v3.01 AMS font symbols
 (d:/texlive/2024/texmf-dist/tex/latex/amsfonts/amsfonts.sty
Package: amsfonts 2013/01/14 v3.01 Basic AMSFonts support
\symAMSa=\mathgroup4
\symAMSb=\mathgroup5
LaTeX Font Info:    Redeclaring math symbol \hbar on input line 98.
LaTeX Font Info:    Overwriting math alphabet `\mathfrak' in version `bold'
(Font)                  U/euf/m/n --> U/euf/b/n on input line 106.
)) (d:/texlive/2024/texmf-dist/tex/latex/graphics/graphicx.sty
Package: graphicx 2021/09/16 v1.2d Enhanced LaTeX Graphics (DPC,SPQR)
 (d:/texlive/2024/texmf-dist/tex/latex/graphics/graphics.sty
Package: graphics 2024/05/23 v1.4g Standard LaTeX Graphics (DPC,SPQR)
 (d:/texlive/2024/texmf-dist/tex/latex/graphics/trig.sty
Package: trig 2023/12/02 v1.11 sin cos tan (DPC)
) (d:/texlive/2024/texmf-dist/tex/latex/graphics-cfg/graphics.cfg
File: graphics.cfg 2016/06/04 v1.11 sample graphics configuration
)
Package graphics Info: Driver file: xetex.def on input line 106.
 (d:/texlive/2024/texmf-dist/tex/latex/graphics-def/xetex.def
File: xetex.def 2022/09/22 v5.0n Graphics/color driver for xetex
))
\Gin@req@height=\dimen159
\Gin@req@width=\dimen160
) (d:/texlive/2024/texmf-dist/tex/latex/cite/cite.sty
LaTeX Info: Redefining \cite on input line 302.
LaTeX Info: Redefining \nocite on input line 332.
Package: cite 2015/02/27  v 5.5
) (d:/texlive/2024/texmf-dist/tex/latex/hyperref/hyperref.sty
Package: hyperref 2024-05-23 v7.01i Hypertext links for LaTeX
 (d:/texlive/2024/texmf-dist/tex/latex/kvsetkeys/kvsetkeys.sty
Package: kvsetkeys 2022-10-05 v1.19 Key value parser (HO)
) (d:/texlive/2024/texmf-dist/tex/generic/kvdefinekeys/kvdefinekeys.sty
Package: kvdefinekeys 2019-12-19 v1.6 Define keys (HO)
) (d:/texlive/2024/texmf-dist/tex/generic/pdfescape/pdfescape.sty
Package: pdfescape 2019/12/09 v1.15 Implements pdfTeX's escape features (HO)
 (d:/texlive/2024/texmf-dist/tex/generic/ltxcmds/ltxcmds.sty
Package: ltxcmds 2023-12-04 v1.26 LaTeX kernel commands for general use (HO)
) (d:/texlive/2024/texmf-dist/tex/generic/pdftexcmds/pdftexcmds.sty
Package: pdftexcmds 2020-06-27 v0.33 Utility functions of pdfTeX for LuaTeX (HO)
 (d:/texlive/2024/texmf-dist/tex/generic/infwarerr/infwarerr.sty
Package: infwarerr 2019/12/03 v1.5 Providing info/warning/error messages (HO)
)
Package pdftexcmds Info: \pdf@primitive is available.
Package pdftexcmds Info: \pdf@ifprimitive is available.
Package pdftexcmds Info: \pdfdraftmode not found.
)) (d:/texlive/2024/texmf-dist/tex/latex/hycolor/hycolor.sty
Package: hycolor 2020-01-27 v1.10 Color options for hyperref/bookmark (HO)
) (d:/texlive/2024/texmf-dist/tex/latex/hyperref/nameref.sty
Package: nameref 2023-11-26 v2.56 Cross-referencing by name of section
 (d:/texlive/2024/texmf-dist/tex/latex/refcount/refcount.sty
Package: refcount 2019/12/15 v3.6 Data extraction from label references (HO)
) (d:/texlive/2024/texmf-dist/tex/generic/gettitlestring/gettitlestring.sty
Package: gettitlestring 2019/12/15 v1.6 Cleanup title references (HO)
 (d:/texlive/2024/texmf-dist/tex/latex/kvoptions/kvoptions.sty
Package: kvoptions 2022-06-15 v3.15 Key value format for package options (HO)
))
\c@section@level=\count279
) (d:/texlive/2024/texmf-dist/tex/latex/etoolbox/etoolbox.sty
Package: etoolbox 2020/10/05 v2.5k e-TeX tools for LaTeX (JAW)
\etb@tempcnta=\count280
) (d:/texlive/2024/texmf-dist/tex/generic/stringenc/stringenc.sty
Package: stringenc 2019/11/29 v1.12 Convert strings between diff. encodings (HO)
)
\@linkdim=\dimen161
\Hy@linkcounter=\count281
\Hy@pagecounter=\count282
 (d:/texlive/2024/texmf-dist/tex/latex/hyperref/pd1enc.def
File: pd1enc.def 2024-05-23 v7.01i Hyperref: PDFDocEncoding definition (HO)
) (d:/texlive/2024/texmf-dist/tex/generic/intcalc/intcalc.sty
Package: intcalc 2019/12/15 v1.3 Expandable calculations with integers (HO)
)
\Hy@SavedSpaceFactor=\count283
 (d:/texlive/2024/texmf-dist/tex/latex/hyperref/puenc.def
File: puenc.def 2024-05-23 v7.01i Hyperref: PDF Unicode definition (HO)
)
Package hyperref Info: Hyper figures OFF on input line 4157.
Package hyperref Info: Link nesting OFF on input line 4162.
Package hyperref Info: Hyper index ON on input line 4165.
Package hyperref Info: Plain pages OFF on input line 4172.
Package hyperref Info: Backreferencing OFF on input line 4177.
Package hyperref Info: Implicit mode ON; LaTeX internals redefined.
Package hyperref Info: Bookmarks ON on input line 4424.
\c@Hy@tempcnt=\count284
 (d:/texlive/2024/texmf-dist/tex/latex/url/url.sty
\Urlmuskip=\muskip18
Package: url 2013/09/16  ver 3.4  Verb mode for urls, etc.
)
LaTeX Info: Redefining \url on input line 4763.
\XeTeXLinkMargin=\dimen162
 (d:/texlive/2024/texmf-dist/tex/generic/bitset/bitset.sty
Package: bitset 2019/12/09 v1.3 Handle bit-vector datatype (HO)
 (d:/texlive/2024/texmf-dist/tex/generic/bigintcalc/bigintcalc.sty
Package: bigintcalc 2019/12/15 v1.5 Expandable calculations on big integers (HO)
))
\Fld@menulength=\count285
\Field@Width=\dimen163
\Fld@charsize=\dimen164
Package hyperref Info: Hyper figures OFF on input line 6042.
Package hyperref Info: Link nesting OFF on input line 6047.
Package hyperref Info: Hyper index ON on input line 6050.
Package hyperref Info: backreferencing OFF on input line 6057.
Package hyperref Info: Link coloring OFF on input line 6062.
Package hyperref Info: Link coloring with OCG OFF on input line 6067.
Package hyperref Info: PDF/A mode OFF on input line 6072.
 (d:/texlive/2024/texmf-dist/tex/latex/base/atbegshi-ltx.sty
Package: atbegshi-ltx 2021/01/10 v1.0c Emulation of the original atbegshi
package with kernel methods
)
\Hy@abspage=\count286
\c@Item=\count287
\c@Hfootnote=\count288
)
Package hyperref Info: Driver (autodetected): hxetex.
 (d:/texlive/2024/texmf-dist/tex/latex/hyperref/hxetex.def
File: hxetex.def 2024-05-23 v7.01i Hyperref driver for XeTeX
\pdfm@box=\box54
\c@Hy@AnnotLevel=\count289
\HyField@AnnotCount=\count290
\Fld@listcount=\count291
\c@bookmark@seq@number=\count292
 (d:/texlive/2024/texmf-dist/tex/latex/rerunfilecheck/rerunfilecheck.sty
Package: rerunfilecheck 2022-07-10 v1.10 Rerun checks for auxiliary files (HO)
 (d:/texlive/2024/texmf-dist/tex/latex/base/atveryend-ltx.sty
Package: atveryend-ltx 2020/08/19 v1.0a Emulation of the original atveryend package
with kernel methods
) (d:/texlive/2024/texmf-dist/tex/generic/uniquecounter/uniquecounter.sty
Package: uniquecounter 2019/12/15 v1.4 Provide unlimited unique counter (HO)
)
Package uniquecounter Info: New unique counter `rerunfilecheck' on input line 285.
)
\Hy@SectionHShift=\skip54
)
Package hyperref Info: Option `colorlinks' set `true' on input line 10.
 (d:/texlive/2024/texmf-dist/tex/latex/setspace/setspace.sty
Package: setspace 2022/12/04 v6.7b set line spacing
) (d:/texlive/2024/texmf-dist/tex/latex/lm/lmodern.sty
Package: lmodern 2015/05/01 v1.6.1 Latin Modern Fonts
LaTeX Font Info:    Overwriting symbol font `operators' in version `normal'
(Font)                  OT1/cmr/m/n --> OT1/lmr/m/n on input line 22.
LaTeX Font Info:    Overwriting symbol font `letters' in version `normal'
(Font)                  OML/cmm/m/it --> OML/lmm/m/it on input line 23.
LaTeX Font Info:    Overwriting symbol font `symbols' in version `normal'
(Font)                  OMS/cmsy/m/n --> OMS/lmsy/m/n on input line 24.
LaTeX Font Info:    Overwriting symbol font `largesymbols' in version `normal'
(Font)                  OMX/cmex/m/n --> OMX/lmex/m/n on input line 25.
LaTeX Font Info:    Overwriting symbol font `operators' in version `bold'
(Font)                  OT1/cmr/bx/n --> OT1/lmr/bx/n on input line 26.
LaTeX Font Info:    Overwriting symbol font `letters' in version `bold'
(Font)                  OML/cmm/b/it --> OML/lmm/b/it on input line 27.
LaTeX Font Info:    Overwriting symbol font `symbols' in version `bold'
(Font)                  OMS/cmsy/b/n --> OMS/lmsy/b/n on input line 28.
LaTeX Font Info:    Overwriting symbol font `largesymbols' in version `bold'
(Font)                  OMX/cmex/m/n --> OMX/lmex/m/n on input line 29.
LaTeX Font Info:    Overwriting math alphabet `\mathbf' in version `normal'
(Font)                  OT1/cmr/bx/n --> OT1/lmr/bx/n on input line 31.
LaTeX Font Info:    Overwriting math alphabet `\mathsf' in version `normal'
(Font)                  OT1/cmss/m/n --> OT1/lmss/m/n on input line 32.
LaTeX Font Info:    Overwriting math alphabet `\mathit' in version `normal'
(Font)                  OT1/cmr/m/it --> OT1/lmr/m/it on input line 33.
LaTeX Font Info:    Overwriting math alphabet `\mathtt' in version `normal'
(Font)                  OT1/cmtt/m/n --> OT1/lmtt/m/n on input line 34.
LaTeX Font Info:    Overwriting math alphabet `\mathbf' in version `bold'
(Font)                  OT1/cmr/bx/n --> OT1/lmr/bx/n on input line 35.
LaTeX Font Info:    Overwriting math alphabet `\mathsf' in version `bold'
(Font)                  OT1/cmss/bx/n --> OT1/lmss/bx/n on input line 36.
LaTeX Font Info:    Overwriting math alphabet `\mathit' in version `bold'
(Font)                  OT1/cmr/bx/it --> OT1/lmr/bx/it on input line 37.
LaTeX Font Info:    Overwriting math alphabet `\mathtt' in version `bold'
(Font)                  OT1/cmtt/m/n --> OT1/lmtt/m/n on input line 38.
) (d:/texlive/2024/texmf-dist/tex/latex/tools/indentfirst.sty
Package: indentfirst 2023/07/02 v1.03 Indent first paragraph (DPC)
) (d:/texlive/2024/texmf-dist/tex/latex/cancel/cancel.sty
Package: cancel 2013/04/12 v2.2 Cancel math terms
) (d:/texlive/2024/texmf-dist/tex/latex/xcolor/xcolor.sty
Package: xcolor 2023/11/15 v3.01 LaTeX color extensions (UK)
 (d:/texlive/2024/texmf-dist/tex/latex/graphics-cfg/color.cfg
File: color.cfg 2016/01/02 v1.6 sample color configuration
)
Package xcolor Info: Driver file: xetex.def on input line 274.
 (d:/texlive/2024/texmf-dist/tex/latex/graphics/mathcolor.ltx)
Package xcolor Info: Model `cmy' substituted by `cmy0' on input line 1350.
Package xcolor Info: Model `RGB' extended on input line 1366.
Package xcolor Info: Model `HTML' substituted by `rgb' on input line 1368.
Package xcolor Info: Model `Hsb' substituted by `hsb' on input line 1369.
Package xcolor Info: Model `tHsb' substituted by `hsb' on input line 1370.
Package xcolor Info: Model `HSB' substituted by `hsb' on input line 1371.
Package xcolor Info: Model `Gray' substituted by `gray' on input line 1372.
Package xcolor Info: Model `wave' substituted by `hsb' on input line 1373.
) (d:/texlive/2024/texmf-dist/tex/latex/float/float.sty
Package: float 2001/11/08 v1.3d Float enhancements (AL)
\c@float@type=\count293
\float@exts=\toks24
\float@box=\box55
\@float@everytoks=\toks25
\@floatcapt=\box56
) (d:/texlive/2024/texmf-dist/tex/latex/pgf/frontendlayer/tikz.sty (d:/texlive/2024/texmf-dist/tex/latex/pgf/basiclayer/pgf.sty (d:/texlive/2024/texmf-dist/tex/latex/pgf/utilities/pgfrcs.sty (d:/texlive/2024/texmf-dist/tex/generic/pgf/utilities/pgfutil-common.tex
\pgfutil@everybye=\toks26
\pgfutil@tempdima=\dimen165
\pgfutil@tempdimb=\dimen166
) (d:/texlive/2024/texmf-dist/tex/generic/pgf/utilities/pgfutil-latex.def
\pgfutil@abb=\box57
) (d:/texlive/2024/texmf-dist/tex/generic/pgf/utilities/pgfrcs.code.tex (d:/texlive/2024/texmf-dist/tex/generic/pgf/pgf.revision.tex)
Package: pgfrcs 2023-01-15 v3.1.10 (3.1.10)
))
Package: pgf 2023-01-15 v3.1.10 (3.1.10)
 (d:/texlive/2024/texmf-dist/tex/latex/pgf/basiclayer/pgfcore.sty (d:/texlive/2024/texmf-dist/tex/latex/pgf/systemlayer/pgfsys.sty (d:/texlive/2024/texmf-dist/tex/generic/pgf/systemlayer/pgfsys.code.tex
Package: pgfsys 2023-01-15 v3.1.10 (3.1.10)
 (d:/texlive/2024/texmf-dist/tex/generic/pgf/utilities/pgfkeys.code.tex
\pgfkeys@pathtoks=\toks27
\pgfkeys@temptoks=\toks28
 (d:/texlive/2024/texmf-dist/tex/generic/pgf/utilities/pgfkeyslibraryfiltered.code.tex
\pgfkeys@tmptoks=\toks29
))
\pgf@x=\dimen167
\pgf@y=\dimen168
\pgf@xa=\dimen169
\pgf@ya=\dimen170
\pgf@xb=\dimen171
\pgf@yb=\dimen172
\pgf@xc=\dimen173
\pgf@yc=\dimen174
\pgf@xd=\dimen175
\pgf@yd=\dimen176
\w@pgf@writea=\write3
\r@pgf@reada=\read2
\c@pgf@counta=\count294
\c@pgf@countb=\count295
\c@pgf@countc=\count296
\c@pgf@countd=\count297
\t@pgf@toka=\toks30
\t@pgf@tokb=\toks31
\t@pgf@tokc=\toks32
\pgf@sys@id@count=\count298
 (d:/texlive/2024/texmf-dist/tex/generic/pgf/systemlayer/pgf.cfg
File: pgf.cfg 2023-01-15 v3.1.10 (3.1.10)
)
Driver file for pgf: pgfsys-xetex.def
 (d:/texlive/2024/texmf-dist/tex/generic/pgf/systemlayer/pgfsys-xetex.def
File: pgfsys-xetex.def 2023-01-15 v3.1.10 (3.1.10)
 (d:/texlive/2024/texmf-dist/tex/generic/pgf/systemlayer/pgfsys-dvipdfmx.def
File: pgfsys-dvipdfmx.def 2023-01-15 v3.1.10 (3.1.10)
 (d:/texlive/2024/texmf-dist/tex/generic/pgf/systemlayer/pgfsys-common-pdf.def
File: pgfsys-common-pdf.def 2023-01-15 v3.1.10 (3.1.10)
)
\pgfsys@objnum=\count299
))) (d:/texlive/2024/texmf-dist/tex/generic/pgf/systemlayer/pgfsyssoftpath.code.tex
File: pgfsyssoftpath.code.tex 2023-01-15 v3.1.10 (3.1.10)
\pgfsyssoftpath@smallbuffer@items=\count300
\pgfsyssoftpath@bigbuffer@items=\count301
) (d:/texlive/2024/texmf-dist/tex/generic/pgf/systemlayer/pgfsysprotocol.code.tex
File: pgfsysprotocol.code.tex 2023-01-15 v3.1.10 (3.1.10)
)) (d:/texlive/2024/texmf-dist/tex/generic/pgf/basiclayer/pgfcore.code.tex
Package: pgfcore 2023-01-15 v3.1.10 (3.1.10)
 (d:/texlive/2024/texmf-dist/tex/generic/pgf/math/pgfmath.code.tex (d:/texlive/2024/texmf-dist/tex/generic/pgf/math/pgfmathutil.code.tex) (d:/texlive/2024/texmf-dist/tex/generic/pgf/math/pgfmathparser.code.tex
\pgfmath@dimen=\dimen177
\pgfmath@count=\count302
\pgfmath@box=\box58
\pgfmath@toks=\toks33
\pgfmath@stack@operand=\toks34
\pgfmath@stack@operation=\toks35
) (d:/texlive/2024/texmf-dist/tex/generic/pgf/math/pgfmathfunctions.code.tex) (d:/texlive/2024/texmf-dist/tex/generic/pgf/math/pgfmathfunctions.basic.code.tex) (d:/texlive/2024/texmf-dist/tex/generic/pgf/math/pgfmathfunctions.trigonometric.code.tex) (d:/texlive/2024/texmf-dist/tex/generic/pgf/math/pgfmathfunctions.random.code.tex) (d:/texlive/2024/texmf-dist/tex/generic/pgf/math/pgfmathfunctions.comparison.code.tex) (d:/texlive/2024/texmf-dist/tex/generic/pgf/math/pgfmathfunctions.base.code.tex) (d:/texlive/2024/texmf-dist/tex/generic/pgf/math/pgfmathfunctions.round.code.tex) (d:/texlive/2024/texmf-dist/tex/generic/pgf/math/pgfmathfunctions.misc.code.tex) (d:/texlive/2024/texmf-dist/tex/generic/pgf/math/pgfmathfunctions.integerarithmetics.code.tex) (d:/texlive/2024/texmf-dist/tex/generic/pgf/math/pgfmathcalc.code.tex) (d:/texlive/2024/texmf-dist/tex/generic/pgf/math/pgfmathfloat.code.tex
\c@pgfmathroundto@lastzeros=\count303
)) (d:/texlive/2024/texmf-dist/tex/generic/pgf/math/pgfint.code.tex) (d:/texlive/2024/texmf-dist/tex/generic/pgf/basiclayer/pgfcorepoints.code.tex
File: pgfcorepoints.code.tex 2023-01-15 v3.1.10 (3.1.10)
\pgf@picminx=\dimen178
\pgf@picmaxx=\dimen179
\pgf@picminy=\dimen180
\pgf@picmaxy=\dimen181
\pgf@pathminx=\dimen182
\pgf@pathmaxx=\dimen183
\pgf@pathminy=\dimen184
\pgf@pathmaxy=\dimen185
\pgf@xx=\dimen186
\pgf@xy=\dimen187
\pgf@yx=\dimen188
\pgf@yy=\dimen189
\pgf@zx=\dimen190
\pgf@zy=\dimen191
) (d:/texlive/2024/texmf-dist/tex/generic/pgf/basiclayer/pgfcorepathconstruct.code.tex
File: pgfcorepathconstruct.code.tex 2023-01-15 v3.1.10 (3.1.10)
\pgf@path@lastx=\dimen192
\pgf@path@lasty=\dimen193
) (d:/texlive/2024/texmf-dist/tex/generic/pgf/basiclayer/pgfcorepathusage.code.tex
File: pgfcorepathusage.code.tex 2023-01-15 v3.1.10 (3.1.10)
\pgf@shorten@end@additional=\dimen194
\pgf@shorten@start@additional=\dimen195
) (d:/texlive/2024/texmf-dist/tex/generic/pgf/basiclayer/pgfcorescopes.code.tex
File: pgfcorescopes.code.tex 2023-01-15 v3.1.10 (3.1.10)
\pgfpic=\box59
\pgf@hbox=\box60
\pgf@layerbox@main=\box61
\pgf@picture@serial@count=\count304
) (d:/texlive/2024/texmf-dist/tex/generic/pgf/basiclayer/pgfcoregraphicstate.code.tex
File: pgfcoregraphicstate.code.tex 2023-01-15 v3.1.10 (3.1.10)
\pgflinewidth=\dimen196
) (d:/texlive/2024/texmf-dist/tex/generic/pgf/basiclayer/pgfcoretransformations.code.tex
File: pgfcoretransformations.code.tex 2023-01-15 v3.1.10 (3.1.10)
\pgf@pt@x=\dimen197
\pgf@pt@y=\dimen198
\pgf@pt@temp=\dimen199
) (d:/texlive/2024/texmf-dist/tex/generic/pgf/basiclayer/pgfcorequick.code.tex
File: pgfcorequick.code.tex 2023-01-15 v3.1.10 (3.1.10)
) (d:/texlive/2024/texmf-dist/tex/generic/pgf/basiclayer/pgfcoreobjects.code.tex
File: pgfcoreobjects.code.tex 2023-01-15 v3.1.10 (3.1.10)
) (d:/texlive/2024/texmf-dist/tex/generic/pgf/basiclayer/pgfcorepathprocessing.code.tex
File: pgfcorepathprocessing.code.tex 2023-01-15 v3.1.10 (3.1.10)
) (d:/texlive/2024/texmf-dist/tex/generic/pgf/basiclayer/pgfcorearrows.code.tex
File: pgfcorearrows.code.tex 2023-01-15 v3.1.10 (3.1.10)
\pgfarrowsep=\dimen256
) (d:/texlive/2024/texmf-dist/tex/generic/pgf/basiclayer/pgfcoreshade.code.tex
File: pgfcoreshade.code.tex 2023-01-15 v3.1.10 (3.1.10)
\pgf@max=\dimen257
\pgf@sys@shading@range@num=\count305
\pgf@shadingcount=\count306
) (d:/texlive/2024/texmf-dist/tex/generic/pgf/basiclayer/pgfcoreimage.code.tex
File: pgfcoreimage.code.tex 2023-01-15 v3.1.10 (3.1.10)
) (d:/texlive/2024/texmf-dist/tex/generic/pgf/basiclayer/pgfcoreexternal.code.tex
File: pgfcoreexternal.code.tex 2023-01-15 v3.1.10 (3.1.10)
\pgfexternal@startupbox=\box62
) (d:/texlive/2024/texmf-dist/tex/generic/pgf/basiclayer/pgfcorelayers.code.tex
File: pgfcorelayers.code.tex 2023-01-15 v3.1.10 (3.1.10)
) (d:/texlive/2024/texmf-dist/tex/generic/pgf/basiclayer/pgfcoretransparency.code.tex
File: pgfcoretransparency.code.tex 2023-01-15 v3.1.10 (3.1.10)
) (d:/texlive/2024/texmf-dist/tex/generic/pgf/basiclayer/pgfcorepatterns.code.tex
File: pgfcorepatterns.code.tex 2023-01-15 v3.1.10 (3.1.10)
) (d:/texlive/2024/texmf-dist/tex/generic/pgf/basiclayer/pgfcorerdf.code.tex
File: pgfcorerdf.code.tex 2023-01-15 v3.1.10 (3.1.10)
))) (d:/texlive/2024/texmf-dist/tex/generic/pgf/modules/pgfmoduleshapes.code.tex
File: pgfmoduleshapes.code.tex 2023-01-15 v3.1.10 (3.1.10)
\pgfnodeparttextbox=\box63
) (d:/texlive/2024/texmf-dist/tex/generic/pgf/modules/pgfmoduleplot.code.tex
File: pgfmoduleplot.code.tex 2023-01-15 v3.1.10 (3.1.10)
) (d:/texlive/2024/texmf-dist/tex/latex/pgf/compatibility/pgfcomp-version-0-65.sty
Package: pgfcomp-version-0-65 2023-01-15 v3.1.10 (3.1.10)
\pgf@nodesepstart=\dimen258
\pgf@nodesepend=\dimen259
) (d:/texlive/2024/texmf-dist/tex/latex/pgf/compatibility/pgfcomp-version-1-18.sty
Package: pgfcomp-version-1-18 2023-01-15 v3.1.10 (3.1.10)
)) (d:/texlive/2024/texmf-dist/tex/latex/pgf/utilities/pgffor.sty (d:/texlive/2024/texmf-dist/tex/latex/pgf/utilities/pgfkeys.sty (d:/texlive/2024/texmf-dist/tex/generic/pgf/utilities/pgfkeys.code.tex)) (d:/texlive/2024/texmf-dist/tex/latex/pgf/math/pgfmath.sty (d:/texlive/2024/texmf-dist/tex/generic/pgf/math/pgfmath.code.tex)) (d:/texlive/2024/texmf-dist/tex/generic/pgf/utilities/pgffor.code.tex
Package: pgffor 2023-01-15 v3.1.10 (3.1.10)
\pgffor@iter=\dimen260
\pgffor@skip=\dimen261
\pgffor@stack=\toks36
\pgffor@toks=\toks37
)) (d:/texlive/2024/texmf-dist/tex/generic/pgf/frontendlayer/tikz/tikz.code.tex
Package: tikz 2023-01-15 v3.1.10 (3.1.10)
 (d:/texlive/2024/texmf-dist/tex/generic/pgf/libraries/pgflibraryplothandlers.code.tex
File: pgflibraryplothandlers.code.tex 2023-01-15 v3.1.10 (3.1.10)
\pgf@plot@mark@count=\count307
\pgfplotmarksize=\dimen262
)
\tikz@lastx=\dimen263
\tikz@lasty=\dimen264
\tikz@lastxsaved=\dimen265
\tikz@lastysaved=\dimen266
\tikz@lastmovetox=\dimen267
\tikz@lastmovetoy=\dimen268
\tikzleveldistance=\dimen269
\tikzsiblingdistance=\dimen270
\tikz@figbox=\box64
\tikz@figbox@bg=\box65
\tikz@tempbox=\box66
\tikz@tempbox@bg=\box67
\tikztreelevel=\count308
\tikznumberofchildren=\count309
\tikznumberofcurrentchild=\count310
\tikz@fig@count=\count311
 (d:/texlive/2024/texmf-dist/tex/generic/pgf/modules/pgfmodulematrix.code.tex
File: pgfmodulematrix.code.tex 2023-01-15 v3.1.10 (3.1.10)
\pgfmatrixcurrentrow=\count312
\pgfmatrixcurrentcolumn=\count313
\pgf@matrix@numberofcolumns=\count314
)
\tikz@expandcount=\count315
 (d:/texlive/2024/texmf-dist/tex/generic/pgf/frontendlayer/tikz/libraries/tikzlibrarytopaths.code.tex
File: tikzlibrarytopaths.code.tex 2023-01-15 v3.1.10 (3.1.10)
))) (d:/texlive/2024/texmf-dist/tex/latex/tools/bm.sty
Package: bm 2023/12/19 v1.2f Bold Symbol Support (DPC/FMi)
\symboldoperators=\mathgroup6
\symboldletters=\mathgroup7
\symboldsymbols=\mathgroup8
Package bm Info: No bold for \OMX/lmex/m/n, using \pmb.
Package bm Info: No bold for \U/msa/m/n, using \pmb.
Package bm Info: No bold for \U/msb/m/n, using \pmb.
LaTeX Font Info:    Redeclaring math alphabet \mathbf on input line 149.
) (d:/texlive/2024/texmf-dist/tex/latex/esvect/esvect.sty
Package: esvect 
\symesvector=\mathgroup9
) (d:/texlive/2024/texmf-dist/tex/latex/l3backend/l3backend-xetex.def
File: l3backend-xetex.def 2024-05-08 L3 backend support: XeTeX
\g__graphics_track_int=\count316
\l__pdf_internal_box=\box68
\g__pdf_backend_annotation_int=\count317
\g__pdf_backend_link_int=\count318
) (./thesis.aux)
\openout1 = `thesis.aux'.

LaTeX Font Info:    Checking defaults for OML/cmm/m/it on input line 35.
LaTeX Font Info:    ... okay on input line 35.
LaTeX Font Info:    Checking defaults for OMS/cmsy/m/n on input line 35.
LaTeX Font Info:    ... okay on input line 35.
LaTeX Font Info:    Checking defaults for OT1/cmr/m/n on input line 35.
LaTeX Font Info:    ... okay on input line 35.
LaTeX Font Info:    Checking defaults for T1/cmr/m/n on input line 35.
LaTeX Font Info:    ... okay on input line 35.
LaTeX Font Info:    Checking defaults for TS1/cmr/m/n on input line 35.
LaTeX Font Info:    Trying to load font information for TS1+cmr on input line 35.
 (d:/texlive/2024/texmf-dist/tex/latex/base/ts1cmr.fd
File: ts1cmr.fd 2023/04/13 v2.5m Standard LaTeX font definitions
)
LaTeX Font Info:    ... okay on input line 35.
LaTeX Font Info:    Checking defaults for TU/lmr/m/n on input line 35.
LaTeX Font Info:    ... okay on input line 35.
LaTeX Font Info:    Checking defaults for OMX/cmex/m/n on input line 35.
LaTeX Font Info:    ... okay on input line 35.
LaTeX Font Info:    Checking defaults for U/cmr/m/n on input line 35.
LaTeX Font Info:    ... okay on input line 35.
LaTeX Font Info:    Checking defaults for PD1/pdf/m/n on input line 35.
LaTeX Font Info:    ... okay on input line 35.
LaTeX Font Info:    Checking defaults for PU/pdf/m/n on input line 35.
LaTeX Font Info:    ... okay on input line 35.

*geometry* driver: auto-detecting
*geometry* detected driver: xetex
*geometry* verbose mode - [ preamble ] result:
* driver: xetex
* paper: a4paper
* layout: <same size as paper>
* layoutoffset:(h,v)=(0.0pt,0.0pt)
* modes: 
* h-part:(L,W,R)=(56.9055pt, 483.69687pt, 56.9055pt)
* v-part:(T,H,B)=(71.13188pt, 702.78308pt, 71.13188pt)
* \paperwidth=597.50787pt
* \paperheight=845.04684pt
* \textwidth=483.69687pt
* \textheight=702.78308pt
* \oddsidemargin=-15.36449pt
* \evensidemargin=-15.36449pt
* \topmargin=-38.1381pt
* \headheight=12.0pt
* \headsep=25.0pt
* \topskip=12.0pt
* \footskip=30.0pt
* \marginparwidth=44.0pt
* \marginparsep=10.0pt
* \columnsep=10.0pt
* \skip\footins=10.8pt plus 4.0pt minus 2.0pt
* \hoffset=0.0pt
* \voffset=0.0pt
* \mag=1000
* \@twocolumnfalse
* \@twosidefalse
* \@mparswitchfalse
* \@reversemarginfalse
* (1in=72.27pt=25.4mm, 1cm=28.453pt)

Package hyperref Info: Link coloring ON on input line 35.
(./thesis.out) (./thesis.out)
\@outlinefile=\write4
\openout4 = `thesis.out'.



[1

]
Overfull \hbox (40.63327pt too wide) in paragraph at lines 79--80
[]\TU/lmr/bx/n/12 Keywords: \TU/lmr/m/n/12 scattering amplitudes, on-shell methods, BCFW recursion, (De)constructed
 []



[1] (./thesis.toc
LaTeX Font Info:    Trying to load font information for OT1+lmr on input line 3.
 (d:/texlive/2024/texmf-dist/tex/latex/lm/ot1lmr.fd
File: ot1lmr.fd 2015/05/01 v1.6.1 Font defs for Latin Modern
)
LaTeX Font Info:    Trying to load font information for OML+lmm on input line 3.
 (d:/texlive/2024/texmf-dist/tex/latex/lm/omllmm.fd
File: omllmm.fd 2015/05/01 v1.6.1 Font defs for Latin Modern
)
LaTeX Font Info:    Trying to load font information for OMS+lmsy on input line 3.
 (d:/texlive/2024/texmf-dist/tex/latex/lm/omslmsy.fd
File: omslmsy.fd 2015/05/01 v1.6.1 Font defs for Latin Modern
)
LaTeX Font Info:    Trying to load font information for OMX+lmex on input line 3.
 (d:/texlive/2024/texmf-dist/tex/latex/lm/omxlmex.fd
File: omxlmex.fd 2015/05/01 v1.6.1 Font defs for Latin Modern
)
LaTeX Font Info:    External font `lmex10' loaded for size
(Font)              <12> on input line 3.
LaTeX Font Info:    External font `lmex10' loaded for size
(Font)              <8> on input line 3.
LaTeX Font Info:    External font `lmex10' loaded for size
(Font)              <6> on input line 3.
LaTeX Font Info:    Trying to load font information for U+msa on input line 3.
 (d:/texlive/2024/texmf-dist/tex/latex/amsfonts/umsa.fd
File: umsa.fd 2013/01/14 v3.01 AMS symbols A
)
LaTeX Font Info:    Trying to load font information for U+msb on input line 3.
 (d:/texlive/2024/texmf-dist/tex/latex/amsfonts/umsb.fd
File: umsb.fd 2013/01/14 v3.01 AMS symbols B
)
LaTeX Font Info:    Trying to load font information for U+esvect on input line 3.
 (d:/texlive/2024/texmf-dist/tex/latex/esvect/uesvect.fd
File: uesvect.fd 
))
\tf@toc=\write5
\openout5 = `thesis.toc'.



[2]

[3]

[4]

[5]

[6]
LaTeX Font Info:    External font `lmex10' loaded for size
(Font)              <10> on input line 251.
LaTeX Font Info:    External font `lmex10' loaded for size
(Font)              <7> on input line 251.
LaTeX Font Info:    External font `lmex10' loaded for size
(Font)              <5> on input line 251.


[7]

[8]

[9]

[10]

[11]

[12]
Overfull \hbox (31.32274pt too wide) in paragraph at lines 490--496
[]\TU/lmr/m/n/12 If we flip one more helicit, the situation becomes quite different. Amplitudes $\OML/lmm/m/it/12 A[]\OT1/lmr/m/n/12 [1[]\OML/lmm/m/it/12 ; \OT1/lmr/m/n/12 2[]\OML/lmm/m/it/12 ; \OT1/lmr/m/n/12 3[]\OML/lmm/m/it/12 ; []  ; n[]\OT1/lmr/m/n/12 ]$
 []



[13]

[14]

[15]
File: Cau.png Graphic file (type bmp)
<Cau.png>
File: recrel1.pdf Graphic file (type pdf)
<use recrel1.pdf>


[16]
File: recrel1.pdf Graphic file (type pdf)
<use recrel1.pdf>


[17]
File: recrel.2.png Graphic file (type bmp)
<recrel.2.png>

Overfull \hbox (40.1203pt too wide) in paragraph at lines 681--685
\TU/lmr/m/n/12 If i,j are not adjacent, one obtains an extra $\OT1/lmr/m/n/12 1\OML/lmm/m/it/12 =z$ \TU/lmr/m/n/12 in each case. Thus any one of shifts $\OML/lmm/m/it/12 ; \OT1/lmr/m/n/12 [\OMS/lmsy/m/n/12 ^^@\OML/lmm/m/it/12 ; \OMS/lmsy/m/n/12 ^^@i\OML/lmm/m/it/12 ; \OT1/lmr/m/n/12 [\OMS/lmsy/m/n/12 ^^@\OML/lmm/m/it/12 ; \OT1/lmr/m/n/12 +\OMS/lmsy/m/n/12 i\OML/lmm/m/it/12 ; \OT1/lmr/m/n/12 [+\OML/lmm/m/it/12 ; \OT1/lmr/m/n/12 +\OMS/lmsy/m/n/12 i$
 []



[18]
File: recrel2.pdf Graphic file (type pdf)
<use recrel2.pdf>
File: recrel2.pdf Graphic file (type pdf)
<use recrel2.pdf>
File: recrel3a.pdf Graphic file (type pdf)
<use recrel3a.pdf>
File: recrel3b.pdf Graphic file (type pdf)
<use recrel3b.pdf>
File: recrel3a.pdf Graphic file (type pdf)
<use recrel3a.pdf>
File: recrel3b.pdf Graphic file (type pdf)
<use recrel3b.pdf>


[19]
File: recrel3b.pdf Graphic file (type pdf)
<use recrel3b.pdf>
File: recrel3b.pdf Graphic file (type pdf)
<use recrel3b.pdf>


[20]
File: recrel-6pt-A1.pdf Graphic file (type pdf)
<use recrel-6pt-A1.pdf>
File: recrel-6pt-A2.pdf Graphic file (type pdf)
<use recrel-6pt-A2.pdf>
File: recrel-6pt-A1.pdf Graphic file (type pdf)
<use recrel-6pt-A1.pdf>
File: recrel-6pt-A2.pdf Graphic file (type pdf)
<use recrel-6pt-A2.pdf>


[21]

[22]
LaTeX Font Info:    External font `lmex10' loaded for size
(Font)              <14.4> on input line 858.


Package hyperref Warning: Token not allowed in a PDF string (Unicode):
(hyperref)                removing `math shift' on input line 858.


Package hyperref Warning: Token not allowed in a PDF string (Unicode):
(hyperref)                removing `\times' on input line 858.


Package hyperref Warning: Token not allowed in a PDF string (Unicode):
(hyperref)                removing `math shift' on input line 858.

File: The-quiver-diagram-for-the-2d-N-0-2-theory-corresponds-to-the-surface-defect-S-r.jpg Graphic file (type bmp)
<The-quiver-diagram-for-the-2d-N-0-2-theory-corresponds-to-the-surface-defect-S-r.jpg>
File: Moose.png Graphic file (type bmp)
<Moose.png>


[23]
File: Side.png Graphic file (type bmp)
<Side.png>


[24]
File: Moosed.jpeg Graphic file (type bmp)
<Moosed.jpeg>

Overfull \hbox (1.8761pt too wide) in paragraph at lines 910--912
\TU/lmr/m/n/12 here $\OML/lmm/m/it/12 F[]$ \TU/lmr/m/n/12 refers to the ith gauge field strength, scalar field $\OT1/lmr/m/n/12 ^^H[]$ \TU/lmr/m/n/12 transformed under the []bi-fundamental[]
 []



[25]

Package hyperref Warning: Token not allowed in a PDF string (Unicode):
(hyperref)                removing `\leavevmode@ifvmode' on input line 943.


Package hyperref Warning: Token not allowed in a PDF string (Unicode):
(hyperref)                \kern 2.00043pt
(hyperref)                removed on input line 943.


Package hyperref Warning: Token not allowed in a PDF string (Unicode):
(hyperref)                removing `\leavevmode@ifvmode' on input line 943.


Package hyperref Warning: Token not allowed in a PDF string (Unicode):
(hyperref)                \kern 2.00043pt
(hyperref)                removed on input line 943.

File: 2-site.png Graphic file (type bmp)
<2-site.png>


[26]

[27]
File: 4ptg.pdf Graphic file (type pdf)
<use 4ptg.pdf>


[28]
File: sch.pdf Graphic file (type pdf)
<use sch.pdf>
File: uch.pdf Graphic file (type pdf)
<use uch.pdf>
File: tch.pdf Graphic file (type pdf)
<use tch.pdf>


[29]
File: 4pt1.pdf Graphic file (type pdf)
<use 4pt1.pdf>
File: 4pt1.1.pdf Graphic file (type pdf)
<use 4pt1.1.pdf>
File: 4pt1.2.pdf Graphic file (type pdf)
<use 4pt1.2.pdf>
File: 4pt+.pdf Graphic file (type pdf)
<use 4pt+.pdf>


[30]
File: 5pt1.1.pdf Graphic file (type pdf)
<use 5pt1.1.pdf>
File: 5pt1.2.pdf Graphic file (type pdf)
<use 5pt1.2.pdf>
File: 5pt1.1.pdf Graphic file (type pdf)
<use 5pt1.1.pdf>
File: 5pt1.2.pdf Graphic file (type pdf)
<use 5pt1.2.pdf>


[31]
File: 6pt1.pdf Graphic file (type pdf)
<use 6pt1.pdf>

Overfull \hbox (28.77144pt too wide) in paragraph at lines 1190--1191
[]\TU/lmr/m/n/12 For the second diagram of Figure 12, there are pure gauge boson subamplitude $\OML/lmm/m/it/12 A[]\OT1/lmr/m/n/12 [3[]\OML/lmm/m/it/12 ; \OT1/lmr/m/n/12 4[]\OML/lmm/m/it/12 ; \OT1/lmr/m/n/12 5[]\OML/lmm/m/it/12 ; \OT1/lmr/m/n/12 6[]] =
 []



[32]

[33]
File: csw-6pt-A2.pdf Graphic file (type pdf)
<use csw-6pt-A2.pdf>
File: sqcd6.pdf Graphic file (type pdf)
<use sqcd6.pdf>


[34]
File: 4pt.eps Graphic file (type eps)
<4pt.eps>


[35]

[36]
File: 5pt1.eps Graphic file (type eps)
<5pt1.eps>
File: 5pt2.eps Graphic file (type eps)
<5pt2.eps>

Overfull \hbox (4.09712pt too wide) in paragraph at lines 1445--1446
[]\TU/lmr/m/n/12 The last diagram still gives 0 contribution because it includes a subamplitude $\OML/lmm/m/it/12 A\OT1/lmr/m/n/12 [1\OML/lmm/m/it/12 ; []; []; \OT1/lmr/m/n/12 4[]] =
 []

File: 5pt3.eps Graphic file (type eps)
<5pt3.eps>


[37]

[38]
Overfull \hbox (63.97095pt too wide) in paragraph at lines 1484--1486
[]\TU/lmr/m/n/12 Here we consider $\OT1/lmr/m/n/12 (\OML/lmm/m/it/12 V[]V[]\OT1/lmr/m/n/12 ^^H[]\OML/lmm/m/it/12 V[]V[]\OT1/lmr/m/n/12 ^^H)$ \TU/lmr/m/n/12 case, the corresponding color-ordered amplitude is $\OML/lmm/m/it/12 A\OT1/lmr/m/n/12 [1\OML/lmm/m/it/12 ; \OT1/lmr/m/n/12 2\OML/lmm/m/it/12 ; \OT1/lmr/m/n/12 3[]\OML/lmm/m/it/12 ; \OT1/lmr/m/n/12 4[]\OML/lmm/m/it/12 ; \OT1/lmr/m/n/12 5[]\OML/lmm/m/it/12 ; \OT1/lmr/m/n/12 6[]]$\TU/lmr/m/n/12 .
 []

File: 6pt1_1.pdf Graphic file (type pdf)
<use 6pt1_1.pdf>
File: 6pt1_2.pdf Graphic file (type pdf)
<use 6pt1_2.pdf>
File: 6pt1_3.pdf Graphic file (type pdf)
<use 6pt1_3.pdf>


[39]
File: 6pt1_4_1.pdf Graphic file (type pdf)
<use 6pt1_4_1.pdf>
File: 6pt_1_4_2.pdf Graphic file (type pdf)
<use 6pt_1_4_2.pdf>
File: 6pt1_5_1.pdf Graphic file (type pdf)
<use 6pt1_5_1.pdf>
File: 6pt1_5_2.pdf Graphic file (type pdf)
<use 6pt1_5_2.pdf>


[40]
File: 6pt_1_6_1.pdf Graphic file (type pdf)
<use 6pt_1_6_1.pdf>
File: 6pt_1_6_2.pdf Graphic file (type pdf)
<use 6pt_1_6_2.pdf>
File: 6pt_1_6_3.pdf Graphic file (type pdf)
<use 6pt_1_6_3.pdf>
File: 6pt.eps Graphic file (type eps)
<6pt.eps>


[41]

[42]
File: npt1.jpg Graphic file (type bmp)
<npt1.jpg>


[43]
File: npt2.jpg Graphic file (type bmp)
<npt2.jpg>
File: npt3.jpg Graphic file (type bmp)
<npt3.jpg>


[44]
File: npt4.jpg Graphic file (type bmp)
<npt4.jpg>
File: s4pt.pdf Graphic file (type pdf)
<use s4pt.pdf>


[45]
File: s4pt1.pdf Graphic file (type pdf)
<use s4pt1.pdf>


[46]
File: 4ptt1.pdf Graphic file (type pdf)
<use 4ptt1.pdf>
File: 4ptt2.pdf Graphic file (type pdf)
<use 4ptt2.pdf>


[47]

[48]

[49]
Overfull \hbox (9.57199pt too wide) in paragraph at lines 1828--1829
[]\TU/lmr/m/n/12 In this paper, we have explored scattering amplitudes within the framework of (De)constructed
 []



[50]
Overfull \hbox (38.43117pt too wide) in paragraph at lines 1836--1837
[]\TU/lmr/m/n/12 Another intriguing avenue of future research involves incorporating gravity into this (De)constructed
 []



[51]

[52]

[53]

[54]

[55]

[56]

[57]

[58] (./thesis.bbl

[59])

[60] (./thesis.aux)
 ***********
LaTeX2e <2024-06-01> patch level 1
L3 programming layer <2024-05-27>
 ***********
Package rerunfilecheck Info: File `thesis.out' has not changed.
(rerunfilecheck)             Checksum: F04DA8A0386CEDAB4EF290B2D27D8D25;5492.
 ) 
Here is how much of TeX's memory you used:
 21439 strings out of 474256
 395445 string characters out of 5746292
 1936560 words of memory out of 5000000
 43637 multiletter control sequences out of 15000+600000
 612720 words of font info for 125 fonts, out of 8000000 for 9000
 1348 hyphenation exceptions out of 8191
 84i,19n,87p,926b,610s stack positions out of 10000i,1000n,20000p,200000b,200000s

Output written on thesis.pdf (61 pages).
